<?xml version="1.0" encoding="UTF-8"?>
<!-- Generated by org.testng.reporters.JUnitXMLReporter -->
<testsuite ignored="0" hostname="LAPTOP-JM35NST0" failures="0" tests="3" name="Surefire test" time="224.928" errors="0" timestamp="2021-11-20T17:44:45 IST">
  <testcase classname="automation.aboutusTest" name="test2" time="81.922"/>
  <testcase classname="automation.helpTest" name="test1" time="69.007"/>
  <testcase classname="automation.locationTest" name="test3" time="73.95"/>
</testsuite> <!-- Surefire test -->
