<?xml version="1.0" encoding="UTF-8"?>
<testng-results ignored="0" total="3" passed="3" failed="0" skipped="0">
  <reporter-output>
  </reporter-output>
  <suite started-at="2021-11-20T17:41:00 IST" name="Surefire suite" finished-at="2021-11-20T17:44:45 IST" duration-ms="224928">
    <groups>
    </groups>
    <test started-at="2021-11-20T17:41:00 IST" name="Surefire test" finished-at="2021-11-20T17:44:45 IST" duration-ms="224928">
      <class name="automation.aboutusTest">
        <test-method signature="test2()[pri:0, instance:automation.aboutusTest@120d6fe6]" started-at="2021-11-20T17:41:00 IST" name="test2" finished-at="2021-11-20T17:42:22 IST" duration-ms="81922" status="PASS">
          <reporter-output>
          </reporter-output>
        </test-method> <!-- test2 -->
      </class> <!-- automation.aboutusTest -->
      <class name="automation.locationTest">
        <test-method signature="test3()[pri:0, instance:automation.locationTest@3444d69d]" started-at="2021-11-20T17:43:31 IST" name="test3" finished-at="2021-11-20T17:44:45 IST" duration-ms="73950" status="PASS">
          <reporter-output>
          </reporter-output>
        </test-method> <!-- test3 -->
      </class> <!-- automation.locationTest -->
      <class name="automation.helpTest">
        <test-method signature="test1()[pri:0, instance:automation.helpTest@4ba2ca36]" started-at="2021-11-20T17:42:22 IST" name="test1" finished-at="2021-11-20T17:43:31 IST" duration-ms="69007" status="PASS">
          <reporter-output>
          </reporter-output>
        </test-method> <!-- test1 -->
      </class> <!-- automation.helpTest -->
    </test> <!-- Surefire test -->
  </suite> <!-- Surefire suite -->
</testng-results>
